[2023-06-09 10:51:29,104] multiqc                                            [DEBUG  ]  This is MultiQC v1.14
[2023-06-09 10:51:29,116] multiqc                                            [DEBUG  ]  Command used: /home/adimascf/miniconda3/envs/quality_control/bin/multiqc --outdir reports json_fastp
[2023-06-09 10:51:30,197] multiqc                                            [DEBUG  ]  Latest MultiQC version is v1.14
[2023-06-09 10:51:30,197] multiqc                                            [DEBUG  ]  Working dir : /mnt/e/pandu-files/ugm-training/work
[2023-06-09 10:51:30,197] multiqc                                            [DEBUG  ]  Template    : default
[2023-06-09 10:51:30,197] multiqc                                            [DEBUG  ]  Running Python 3.10.6 | packaged by conda-forge | (main, Aug 22 2022, 20:36:39) [GCC 10.4.0]
[2023-06-09 10:51:30,199] multiqc                                            [DEBUG  ]  Analysing modules: custom_content, ccs, ngsderive, purple, conpair, lima, peddy, somalier, methylQA, mosdepth, phantompeakqualtools, qualimap, preseq, hifiasm, quast, qorts, rna_seqc, rockhopper, rsem, rseqc, busco, bustools, goleft_indexcov, gffcompare, disambiguate, supernova, deeptools, sargasso, verifybamid, mirtrace, happy, mirtop, sambamba, gopeaks, homer, hops, macs2, theta2, snpeff, gatk, htseq, bcftools, featureCounts, fgbio, dragen, dragen_fastqc, dedup, pbmarkdup, damageprofiler, biobambam2, jcvi, mtnucratio, picard, vep, sentieon, prokka, qc3C, nanostat, samblaster, samtools, sexdeterrmine, eigenstratdatabasetools, bamtools, jellyfish, vcftools, longranger, stacks, varscan2, snippy, umitools, bbmap, bismark, biscuit, diamond, hicexplorer, hicup, hicpro, salmon, kallisto, slamdunk, star, hisat2, tophat, bowtie2, bowtie1, cellranger, snpsplit, odgi, pangolin, nextclade, humid, kat, leehom, adapterRemoval, bbduk, clipandmerge, cutadapt, flexbar, kaiju, kraken, malt, motus, trimmomatic, sickle, skewer, sortmerna, biobloomtools, fastq_screen, afterqc, fastp, fastqc, filtlong, prinseqplusplus, pychopper, porechop, pycoqc, minionqc, anglerfish, multivcfanalyzer, clusterflow, checkqc, bcl2fastq, bclconvert, interop, ivar, flash, seqyclean, optitype, whatshap
[2023-06-09 10:51:30,200] multiqc                                            [DEBUG  ]  Using temporary directory for creating report: /tmp/tmpv973ys59
[2023-06-09 10:51:31,049] multiqc                                            [INFO   ]  Search path : /mnt/e/pandu-files/ugm-training/work/json_fastp
[2023-06-09 10:51:31,453] multiqc                                            [DEBUG  ]  Summary of files that were skipped by the search: []
[2023-06-09 10:51:35,555] multiqc.plots.bargraph                             [DEBUG  ]  Using matplotlib version 3.5.2
[2023-06-09 10:51:35,565] multiqc.plots.linegraph                            [DEBUG  ]  Using matplotlib version 3.5.2
[2023-06-09 10:51:35,568] multiqc                                            [DEBUG  ]  No samples found: custom_content
[2023-06-09 10:51:35,608] multiqc.modules.fastp.fastp                        [DEBUG  ]  No duplication rate plot data: normal.fastp.json
[2023-06-09 10:51:35,630] multiqc.modules.fastp.fastp                        [DEBUG  ]  No duplication rate plot data: tumor.fastp.json
[2023-06-09 10:51:35,635] multiqc.modules.fastp.fastp                        [INFO   ]  Found 2 reports
[2023-06-09 10:51:35,728] multiqc                                            [INFO   ]  Compressing plot data
[2023-06-09 10:51:36,240] multiqc                                            [INFO   ]  Report      : reports/multiqc_report.html
[2023-06-09 10:51:36,241] multiqc                                            [INFO   ]  Data        : reports/multiqc_data
[2023-06-09 10:51:36,241] multiqc                                            [DEBUG  ]  Moving data file from '/tmp/tmpv973ys59/multiqc_data' to 'reports/multiqc_data'
[2023-06-09 10:51:37,151] multiqc                                            [INFO   ]  MultiQC complete
